<?xml version="1.0" encoding="UTF-8"?>
<!-- Generated by org.testng.reporters.JUnitReportReporter -->
<testsuite hostname="DESKTOP-0REC7EB" failures="0" tests="8" name="TestCases.ProbabilityTestCases" time="0.068" errors="0" timestamp="2022-11-03T11:00:22 IST" skipped="0">
  <testcase classname="TestCases.ProbabilityTestCases" name="testProbability_5" time="0.003"/>
  <system-out/>
  <testcase classname="TestCases.ProbabilityTestCases" name="testProbability_1" time="0.009"/>
  <system-out/>
  <testcase classname="TestCases.ProbabilityTestCases" name="testProbability_8" time="0.000"/>
  <system-out/>
  <testcase classname="TestCases.ProbabilityTestCases" name="testProbability_7" time="0.001"/>
  <system-out/>
  <testcase classname="TestCases.ProbabilityTestCases" name="testProbability_3" time="0.048"/>
  <system-out/>
  <testcase classname="TestCases.ProbabilityTestCases" name="testProbability_4" time="0.001"/>
  <system-out/>
  <testcase classname="TestCases.ProbabilityTestCases" name="testProbability_2" time="0.005"/>
  <system-out/>
  <testcase classname="TestCases.ProbabilityTestCases" name="testProbability_6" time="0.001"/>
  <system-out/>
</testsuite> <!-- TestCases.ProbabilityTestCases -->
